mode: set
github.com/syukur91/ischool-monitor/service/kelas.go:22.49,24.2 1 1
github.com/syukur91/ischool-monitor/service/kelas.go:27.103,28.24 1 1
github.com/syukur91/ischool-monitor/service/kelas.go:32.2,32.26 1 1
github.com/syukur91/ischool-monitor/service/kelas.go:36.2,37.16 2 1
github.com/syukur91/ischool-monitor/service/kelas.go:41.2,44.2 3 1
github.com/syukur91/ischool-monitor/service/kelas.go:69.2,70.16 2 1
github.com/syukur91/ischool-monitor/service/kelas.go:74.2,79.8 1 1
github.com/syukur91/ischool-monitor/service/kelas.go:28.24,30.3 1 0
github.com/syukur91/ischool-monitor/service/kelas.go:32.26,34.3 1 0
github.com/syukur91/ischool-monitor/service/kelas.go:37.16,39.3 1 0
github.com/syukur91/ischool-monitor/service/kelas.go:44.2,51.17 2 1
github.com/syukur91/ischool-monitor/service/kelas.go:55.3,58.17 3 1
github.com/syukur91/ischool-monitor/service/kelas.go:51.17,54.4 2 0
github.com/syukur91/ischool-monitor/service/kelas.go:58.17,61.111 2 0
github.com/syukur91/ischool-monitor/service/kelas.go:65.4,65.191 1 0
github.com/syukur91/ischool-monitor/service/kelas.go:61.111,63.5 1 0
github.com/syukur91/ischool-monitor/service/kelas.go:70.16,72.3 1 0
github.com/syukur91/ischool-monitor/service/kelas.go:83.75,84.14 1 1
github.com/syukur91/ischool-monitor/service/kelas.go:88.2,89.16 2 1
github.com/syukur91/ischool-monitor/service/kelas.go:93.2,94.2 2 1
github.com/syukur91/ischool-monitor/service/kelas.go:112.2,113.16 2 1
github.com/syukur91/ischool-monitor/service/kelas.go:117.2,117.20 1 1
github.com/syukur91/ischool-monitor/service/kelas.go:84.14,86.3 1 0
github.com/syukur91/ischool-monitor/service/kelas.go:89.16,91.3 1 0
github.com/syukur91/ischool-monitor/service/kelas.go:94.2,101.17 2 1
github.com/syukur91/ischool-monitor/service/kelas.go:101.17,104.69 2 1
github.com/syukur91/ischool-monitor/service/kelas.go:108.4,108.175 1 0
github.com/syukur91/ischool-monitor/service/kelas.go:104.69,106.5 1 1
github.com/syukur91/ischool-monitor/service/kelas.go:113.16,115.3 1 0
github.com/syukur91/ischool-monitor/service/kelas.go:121.102,124.16 2 1
github.com/syukur91/ischool-monitor/service/kelas.go:128.2,130.2 3 1
github.com/syukur91/ischool-monitor/service/kelas.go:148.2,149.16 2 1
github.com/syukur91/ischool-monitor/service/kelas.go:153.2,153.27 1 1
github.com/syukur91/ischool-monitor/service/kelas.go:124.16,126.3 1 0
github.com/syukur91/ischool-monitor/service/kelas.go:130.2,134.17 4 1
github.com/syukur91/ischool-monitor/service/kelas.go:139.3,142.17 4 1
github.com/syukur91/ischool-monitor/service/kelas.go:134.17,137.4 2 0
github.com/syukur91/ischool-monitor/service/kelas.go:142.17,145.4 2 0
github.com/syukur91/ischool-monitor/service/kelas.go:149.16,151.3 1 0
github.com/syukur91/ischool-monitor/service/kelas.go:157.114,158.14 1 1
github.com/syukur91/ischool-monitor/service/kelas.go:162.2,163.16 2 1
github.com/syukur91/ischool-monitor/service/kelas.go:168.2,169.2 2 1
github.com/syukur91/ischool-monitor/service/kelas.go:188.2,189.2 2 1
github.com/syukur91/ischool-monitor/service/kelas.go:211.2,212.16 2 1
github.com/syukur91/ischool-monitor/service/kelas.go:216.2,222.8 1 1
github.com/syukur91/ischool-monitor/service/kelas.go:158.14,160.3 1 0
github.com/syukur91/ischool-monitor/service/kelas.go:163.16,165.3 1 0
github.com/syukur91/ischool-monitor/service/kelas.go:169.2,176.17 2 1
github.com/syukur91/ischool-monitor/service/kelas.go:176.17,179.69 2 1
github.com/syukur91/ischool-monitor/service/kelas.go:183.4,183.178 1 0
github.com/syukur91/ischool-monitor/service/kelas.go:179.69,181.5 1 1
github.com/syukur91/ischool-monitor/service/kelas.go:189.2,191.25 1 1
github.com/syukur91/ischool-monitor/service/kelas.go:195.3,195.27 1 1
github.com/syukur91/ischool-monitor/service/kelas.go:199.3,204.17 2 1
github.com/syukur91/ischool-monitor/service/kelas.go:191.25,193.4 1 1
github.com/syukur91/ischool-monitor/service/kelas.go:195.27,197.4 1 1
github.com/syukur91/ischool-monitor/service/kelas.go:204.17,208.4 2 0
github.com/syukur91/ischool-monitor/service/kelas.go:212.16,214.3 1 0
github.com/syukur91/ischool-monitor/service/kelas.go:226.53,227.14 1 1
github.com/syukur91/ischool-monitor/service/kelas.go:231.2,232.16 2 1
github.com/syukur91/ischool-monitor/service/kelas.go:236.2,237.2 2 1
github.com/syukur91/ischool-monitor/service/kelas.go:250.2,251.16 2 1
github.com/syukur91/ischool-monitor/service/kelas.go:255.2,255.15 1 1
github.com/syukur91/ischool-monitor/service/kelas.go:259.2,259.12 1 1
github.com/syukur91/ischool-monitor/service/kelas.go:227.14,229.3 1 0
github.com/syukur91/ischool-monitor/service/kelas.go:232.16,234.3 1 0
github.com/syukur91/ischool-monitor/service/kelas.go:237.2,244.17 3 1
github.com/syukur91/ischool-monitor/service/kelas.go:244.17,247.4 2 0
github.com/syukur91/ischool-monitor/service/kelas.go:251.16,253.3 1 0
github.com/syukur91/ischool-monitor/service/kelas.go:255.15,257.3 1 1
github.com/syukur91/ischool-monitor/service/mata_pelajaran.go:22.67,24.2 1 1
github.com/syukur91/ischool-monitor/service/mata_pelajaran.go:27.139,28.24 1 1
github.com/syukur91/ischool-monitor/service/mata_pelajaran.go:32.2,32.24 1 1
github.com/syukur91/ischool-monitor/service/mata_pelajaran.go:36.2,37.16 2 1
github.com/syukur91/ischool-monitor/service/mata_pelajaran.go:41.2,44.2 3 1
github.com/syukur91/ischool-monitor/service/mata_pelajaran.go:69.2,70.16 2 1
github.com/syukur91/ischool-monitor/service/mata_pelajaran.go:74.2,80.8 1 1
github.com/syukur91/ischool-monitor/service/mata_pelajaran.go:28.24,30.3 1 0
github.com/syukur91/ischool-monitor/service/mata_pelajaran.go:32.24,34.3 1 1
github.com/syukur91/ischool-monitor/service/mata_pelajaran.go:37.16,39.3 1 0
github.com/syukur91/ischool-monitor/service/mata_pelajaran.go:44.2,51.17 2 1
github.com/syukur91/ischool-monitor/service/mata_pelajaran.go:55.3,58.17 3 1
github.com/syukur91/ischool-monitor/service/mata_pelajaran.go:51.17,54.4 2 0
github.com/syukur91/ischool-monitor/service/mata_pelajaran.go:58.17,61.120 2 1
github.com/syukur91/ischool-monitor/service/mata_pelajaran.go:65.4,65.200 1 0
github.com/syukur91/ischool-monitor/service/mata_pelajaran.go:61.120,63.5 1 1
github.com/syukur91/ischool-monitor/service/mata_pelajaran.go:70.16,72.3 1 0
github.com/syukur91/ischool-monitor/service/mata_pelajaran.go:84.102,85.14 1 1
github.com/syukur91/ischool-monitor/service/mata_pelajaran.go:89.2,90.16 2 1
github.com/syukur91/ischool-monitor/service/mata_pelajaran.go:94.2,95.2 2 1
github.com/syukur91/ischool-monitor/service/mata_pelajaran.go:113.2,114.16 2 1
github.com/syukur91/ischool-monitor/service/mata_pelajaran.go:118.2,118.29 1 1
github.com/syukur91/ischool-monitor/service/mata_pelajaran.go:85.14,87.3 1 0
github.com/syukur91/ischool-monitor/service/mata_pelajaran.go:90.16,92.3 1 0
github.com/syukur91/ischool-monitor/service/mata_pelajaran.go:95.2,102.17 2 1
github.com/syukur91/ischool-monitor/service/mata_pelajaran.go:102.17,105.69 2 1
github.com/syukur91/ischool-monitor/service/mata_pelajaran.go:109.4,109.184 1 0
github.com/syukur91/ischool-monitor/service/mata_pelajaran.go:105.69,107.5 1 1
github.com/syukur91/ischool-monitor/service/mata_pelajaran.go:114.16,116.3 1 0
github.com/syukur91/ischool-monitor/service/mata_pelajaran.go:122.129,125.16 2 1
github.com/syukur91/ischool-monitor/service/mata_pelajaran.go:129.2,131.2 3 1
github.com/syukur91/ischool-monitor/service/mata_pelajaran.go:149.2,150.16 2 1
github.com/syukur91/ischool-monitor/service/mata_pelajaran.go:154.2,154.36 1 1
github.com/syukur91/ischool-monitor/service/mata_pelajaran.go:125.16,127.3 1 0
github.com/syukur91/ischool-monitor/service/mata_pelajaran.go:131.2,135.17 4 1
github.com/syukur91/ischool-monitor/service/mata_pelajaran.go:140.3,143.17 4 1
github.com/syukur91/ischool-monitor/service/mata_pelajaran.go:135.17,138.4 2 0
github.com/syukur91/ischool-monitor/service/mata_pelajaran.go:143.17,146.4 2 0
github.com/syukur91/ischool-monitor/service/mata_pelajaran.go:150.16,152.3 1 0
github.com/syukur91/ischool-monitor/service/mata_pelajaran.go:158.150,159.14 1 1
github.com/syukur91/ischool-monitor/service/mata_pelajaran.go:163.2,164.16 2 1
github.com/syukur91/ischool-monitor/service/mata_pelajaran.go:169.2,170.2 2 1
github.com/syukur91/ischool-monitor/service/mata_pelajaran.go:189.2,190.2 2 1
github.com/syukur91/ischool-monitor/service/mata_pelajaran.go:216.2,217.16 2 1
github.com/syukur91/ischool-monitor/service/mata_pelajaran.go:221.2,228.8 1 1
github.com/syukur91/ischool-monitor/service/mata_pelajaran.go:159.14,161.3 1 0
github.com/syukur91/ischool-monitor/service/mata_pelajaran.go:164.16,166.3 1 0
github.com/syukur91/ischool-monitor/service/mata_pelajaran.go:170.2,177.17 2 1
github.com/syukur91/ischool-monitor/service/mata_pelajaran.go:177.17,180.69 2 1
github.com/syukur91/ischool-monitor/service/mata_pelajaran.go:184.4,184.187 1 0
github.com/syukur91/ischool-monitor/service/mata_pelajaran.go:180.69,182.5 1 1
github.com/syukur91/ischool-monitor/service/mata_pelajaran.go:190.2,192.25 1 1
github.com/syukur91/ischool-monitor/service/mata_pelajaran.go:196.3,196.25 1 1
github.com/syukur91/ischool-monitor/service/mata_pelajaran.go:200.3,200.27 1 1
github.com/syukur91/ischool-monitor/service/mata_pelajaran.go:204.3,209.17 2 1
github.com/syukur91/ischool-monitor/service/mata_pelajaran.go:192.25,194.4 1 1
github.com/syukur91/ischool-monitor/service/mata_pelajaran.go:196.25,198.4 1 0
github.com/syukur91/ischool-monitor/service/mata_pelajaran.go:200.27,202.4 1 1
github.com/syukur91/ischool-monitor/service/mata_pelajaran.go:209.17,213.4 2 0
github.com/syukur91/ischool-monitor/service/mata_pelajaran.go:217.16,219.3 1 0
github.com/syukur91/ischool-monitor/service/mata_pelajaran.go:232.71,233.14 1 1
github.com/syukur91/ischool-monitor/service/mata_pelajaran.go:237.2,238.16 2 1
github.com/syukur91/ischool-monitor/service/mata_pelajaran.go:242.2,243.2 2 1
github.com/syukur91/ischool-monitor/service/mata_pelajaran.go:256.2,257.16 2 1
github.com/syukur91/ischool-monitor/service/mata_pelajaran.go:261.2,261.15 1 1
github.com/syukur91/ischool-monitor/service/mata_pelajaran.go:265.2,265.12 1 1
github.com/syukur91/ischool-monitor/service/mata_pelajaran.go:233.14,235.3 1 0
github.com/syukur91/ischool-monitor/service/mata_pelajaran.go:238.16,240.3 1 0
github.com/syukur91/ischool-monitor/service/mata_pelajaran.go:243.2,250.17 3 1
github.com/syukur91/ischool-monitor/service/mata_pelajaran.go:250.17,253.4 2 0
github.com/syukur91/ischool-monitor/service/mata_pelajaran.go:257.16,259.3 1 0
github.com/syukur91/ischool-monitor/service/mata_pelajaran.go:261.15,263.3 1 1
github.com/syukur91/ischool-monitor/service/siswa.go:22.49,24.2 1 1
github.com/syukur91/ischool-monitor/service/siswa.go:27.103,28.24 1 1
github.com/syukur91/ischool-monitor/service/siswa.go:32.2,32.26 1 1
github.com/syukur91/ischool-monitor/service/siswa.go:36.2,36.30 1 1
github.com/syukur91/ischool-monitor/service/siswa.go:40.2,40.26 1 1
github.com/syukur91/ischool-monitor/service/siswa.go:44.2,44.26 1 1
github.com/syukur91/ischool-monitor/service/siswa.go:48.2,49.16 2 1
github.com/syukur91/ischool-monitor/service/siswa.go:53.2,56.2 3 1
github.com/syukur91/ischool-monitor/service/siswa.go:81.2,82.16 2 1
github.com/syukur91/ischool-monitor/service/siswa.go:86.2,93.8 1 1
github.com/syukur91/ischool-monitor/service/siswa.go:28.24,30.3 1 0
github.com/syukur91/ischool-monitor/service/siswa.go:32.26,34.3 1 1
github.com/syukur91/ischool-monitor/service/siswa.go:36.30,38.3 1 1
github.com/syukur91/ischool-monitor/service/siswa.go:40.26,42.3 1 1
github.com/syukur91/ischool-monitor/service/siswa.go:44.26,46.3 1 1
github.com/syukur91/ischool-monitor/service/siswa.go:49.16,51.3 1 0
github.com/syukur91/ischool-monitor/service/siswa.go:56.2,63.17 2 1
github.com/syukur91/ischool-monitor/service/siswa.go:67.3,70.17 3 1
github.com/syukur91/ischool-monitor/service/siswa.go:63.17,66.4 2 0
github.com/syukur91/ischool-monitor/service/siswa.go:70.17,73.111 2 0
github.com/syukur91/ischool-monitor/service/siswa.go:77.4,77.191 1 0
github.com/syukur91/ischool-monitor/service/siswa.go:73.111,75.5 1 0
github.com/syukur91/ischool-monitor/service/siswa.go:82.16,84.3 1 0
github.com/syukur91/ischool-monitor/service/siswa.go:97.75,98.14 1 1
github.com/syukur91/ischool-monitor/service/siswa.go:102.2,103.16 2 1
github.com/syukur91/ischool-monitor/service/siswa.go:107.2,108.2 2 1
github.com/syukur91/ischool-monitor/service/siswa.go:126.2,127.16 2 1
github.com/syukur91/ischool-monitor/service/siswa.go:131.2,131.20 1 1
github.com/syukur91/ischool-monitor/service/siswa.go:98.14,100.3 1 0
github.com/syukur91/ischool-monitor/service/siswa.go:103.16,105.3 1 0
github.com/syukur91/ischool-monitor/service/siswa.go:108.2,115.17 2 1
github.com/syukur91/ischool-monitor/service/siswa.go:115.17,118.69 2 1
github.com/syukur91/ischool-monitor/service/siswa.go:122.4,122.175 1 0
github.com/syukur91/ischool-monitor/service/siswa.go:118.69,120.5 1 1
github.com/syukur91/ischool-monitor/service/siswa.go:127.16,129.3 1 0
github.com/syukur91/ischool-monitor/service/siswa.go:135.102,138.16 2 1
github.com/syukur91/ischool-monitor/service/siswa.go:142.2,144.2 3 1
github.com/syukur91/ischool-monitor/service/siswa.go:162.2,163.16 2 1
github.com/syukur91/ischool-monitor/service/siswa.go:167.2,167.27 1 1
github.com/syukur91/ischool-monitor/service/siswa.go:138.16,140.3 1 0
github.com/syukur91/ischool-monitor/service/siswa.go:144.2,148.17 4 1
github.com/syukur91/ischool-monitor/service/siswa.go:153.3,156.17 4 1
github.com/syukur91/ischool-monitor/service/siswa.go:148.17,151.4 2 0
github.com/syukur91/ischool-monitor/service/siswa.go:156.17,159.4 2 0
github.com/syukur91/ischool-monitor/service/siswa.go:163.16,165.3 1 0
github.com/syukur91/ischool-monitor/service/siswa.go:171.114,172.14 1 1
github.com/syukur91/ischool-monitor/service/siswa.go:176.2,177.16 2 1
github.com/syukur91/ischool-monitor/service/siswa.go:182.2,183.2 2 1
github.com/syukur91/ischool-monitor/service/siswa.go:202.2,203.2 2 1
github.com/syukur91/ischool-monitor/service/siswa.go:237.2,238.16 2 1
github.com/syukur91/ischool-monitor/service/siswa.go:242.2,251.8 1 1
github.com/syukur91/ischool-monitor/service/siswa.go:172.14,174.3 1 0
github.com/syukur91/ischool-monitor/service/siswa.go:177.16,179.3 1 0
github.com/syukur91/ischool-monitor/service/siswa.go:183.2,190.17 2 1
github.com/syukur91/ischool-monitor/service/siswa.go:190.17,193.69 2 1
github.com/syukur91/ischool-monitor/service/siswa.go:197.4,197.178 1 0
github.com/syukur91/ischool-monitor/service/siswa.go:193.69,195.5 1 1
github.com/syukur91/ischool-monitor/service/siswa.go:203.2,205.25 1 1
github.com/syukur91/ischool-monitor/service/siswa.go:209.3,209.27 1 1
github.com/syukur91/ischool-monitor/service/siswa.go:213.3,213.31 1 1
github.com/syukur91/ischool-monitor/service/siswa.go:217.3,217.27 1 1
github.com/syukur91/ischool-monitor/service/siswa.go:221.3,221.27 1 1
github.com/syukur91/ischool-monitor/service/siswa.go:225.3,230.17 2 1
github.com/syukur91/ischool-monitor/service/siswa.go:205.25,207.4 1 1
github.com/syukur91/ischool-monitor/service/siswa.go:209.27,211.4 1 0
github.com/syukur91/ischool-monitor/service/siswa.go:213.31,215.4 1 0
github.com/syukur91/ischool-monitor/service/siswa.go:217.27,219.4 1 0
github.com/syukur91/ischool-monitor/service/siswa.go:221.27,223.4 1 1
github.com/syukur91/ischool-monitor/service/siswa.go:230.17,234.4 2 0
github.com/syukur91/ischool-monitor/service/siswa.go:238.16,240.3 1 0
github.com/syukur91/ischool-monitor/service/siswa.go:255.53,256.14 1 1
github.com/syukur91/ischool-monitor/service/siswa.go:260.2,261.16 2 1
github.com/syukur91/ischool-monitor/service/siswa.go:265.2,266.2 2 1
github.com/syukur91/ischool-monitor/service/siswa.go:279.2,280.16 2 1
github.com/syukur91/ischool-monitor/service/siswa.go:284.2,284.15 1 1
github.com/syukur91/ischool-monitor/service/siswa.go:288.2,288.12 1 1
github.com/syukur91/ischool-monitor/service/siswa.go:256.14,258.3 1 0
github.com/syukur91/ischool-monitor/service/siswa.go:261.16,263.3 1 0
github.com/syukur91/ischool-monitor/service/siswa.go:266.2,273.17 3 1
github.com/syukur91/ischool-monitor/service/siswa.go:273.17,276.4 2 0
github.com/syukur91/ischool-monitor/service/siswa.go:280.16,282.3 1 0
github.com/syukur91/ischool-monitor/service/siswa.go:284.15,286.3 1 1
github.com/syukur91/ischool-monitor/service/user.go:22.47,24.2 1 1
github.com/syukur91/ischool-monitor/service/user.go:27.99,28.24 1 1
github.com/syukur91/ischool-monitor/service/user.go:32.2,32.26 1 1
github.com/syukur91/ischool-monitor/service/user.go:36.2,36.28 1 1
github.com/syukur91/ischool-monitor/service/user.go:40.2,40.27 1 1
github.com/syukur91/ischool-monitor/service/user.go:44.2,45.16 2 1
github.com/syukur91/ischool-monitor/service/user.go:49.2,52.2 3 1
github.com/syukur91/ischool-monitor/service/user.go:77.2,78.16 2 1
github.com/syukur91/ischool-monitor/service/user.go:82.2,89.8 1 1
github.com/syukur91/ischool-monitor/service/user.go:28.24,30.3 1 0
github.com/syukur91/ischool-monitor/service/user.go:32.26,34.3 1 1
github.com/syukur91/ischool-monitor/service/user.go:36.28,38.3 1 1
github.com/syukur91/ischool-monitor/service/user.go:40.27,42.3 1 1
github.com/syukur91/ischool-monitor/service/user.go:45.16,47.3 1 0
github.com/syukur91/ischool-monitor/service/user.go:52.2,59.17 2 1
github.com/syukur91/ischool-monitor/service/user.go:63.3,66.17 3 1
github.com/syukur91/ischool-monitor/service/user.go:59.17,62.4 2 0
github.com/syukur91/ischool-monitor/service/user.go:66.17,69.110 2 0
github.com/syukur91/ischool-monitor/service/user.go:73.4,73.190 1 0
github.com/syukur91/ischool-monitor/service/user.go:69.110,71.5 1 0
github.com/syukur91/ischool-monitor/service/user.go:78.16,80.3 1 0
github.com/syukur91/ischool-monitor/service/user.go:93.72,94.14 1 1
github.com/syukur91/ischool-monitor/service/user.go:98.2,99.16 2 1
github.com/syukur91/ischool-monitor/service/user.go:103.2,104.2 2 1
github.com/syukur91/ischool-monitor/service/user.go:122.2,123.16 2 1
github.com/syukur91/ischool-monitor/service/user.go:127.2,127.19 1 1
github.com/syukur91/ischool-monitor/service/user.go:94.14,96.3 1 0
github.com/syukur91/ischool-monitor/service/user.go:99.16,101.3 1 0
github.com/syukur91/ischool-monitor/service/user.go:104.2,111.17 2 1
github.com/syukur91/ischool-monitor/service/user.go:111.17,114.69 2 1
github.com/syukur91/ischool-monitor/service/user.go:118.4,118.174 1 0
github.com/syukur91/ischool-monitor/service/user.go:114.69,116.5 1 1
github.com/syukur91/ischool-monitor/service/user.go:123.16,125.3 1 0
github.com/syukur91/ischool-monitor/service/user.go:131.99,134.16 2 1
github.com/syukur91/ischool-monitor/service/user.go:138.2,140.2 3 1
github.com/syukur91/ischool-monitor/service/user.go:158.2,159.16 2 1
github.com/syukur91/ischool-monitor/service/user.go:163.2,163.26 1 1
github.com/syukur91/ischool-monitor/service/user.go:134.16,136.3 1 0
github.com/syukur91/ischool-monitor/service/user.go:140.2,144.17 4 1
github.com/syukur91/ischool-monitor/service/user.go:149.3,152.17 4 1
github.com/syukur91/ischool-monitor/service/user.go:144.17,147.4 2 0
github.com/syukur91/ischool-monitor/service/user.go:152.17,155.4 2 0
github.com/syukur91/ischool-monitor/service/user.go:159.16,161.3 1 0
github.com/syukur91/ischool-monitor/service/user.go:167.110,168.14 1 1
github.com/syukur91/ischool-monitor/service/user.go:172.2,173.16 2 1
github.com/syukur91/ischool-monitor/service/user.go:178.2,179.2 2 1
github.com/syukur91/ischool-monitor/service/user.go:198.2,199.2 2 1
github.com/syukur91/ischool-monitor/service/user.go:229.2,230.16 2 1
github.com/syukur91/ischool-monitor/service/user.go:234.2,242.8 1 1
github.com/syukur91/ischool-monitor/service/user.go:168.14,170.3 1 0
github.com/syukur91/ischool-monitor/service/user.go:173.16,175.3 1 0
github.com/syukur91/ischool-monitor/service/user.go:179.2,186.17 2 1
github.com/syukur91/ischool-monitor/service/user.go:186.17,189.69 2 1
github.com/syukur91/ischool-monitor/service/user.go:193.4,193.177 1 0
github.com/syukur91/ischool-monitor/service/user.go:189.69,191.5 1 1
github.com/syukur91/ischool-monitor/service/user.go:199.2,201.25 1 1
github.com/syukur91/ischool-monitor/service/user.go:205.3,205.27 1 1
github.com/syukur91/ischool-monitor/service/user.go:209.3,209.29 1 1
github.com/syukur91/ischool-monitor/service/user.go:213.3,213.28 1 1
github.com/syukur91/ischool-monitor/service/user.go:217.3,222.17 2 1
github.com/syukur91/ischool-monitor/service/user.go:201.25,203.4 1 1
github.com/syukur91/ischool-monitor/service/user.go:205.27,207.4 1 1
github.com/syukur91/ischool-monitor/service/user.go:209.29,211.4 1 0
github.com/syukur91/ischool-monitor/service/user.go:213.28,215.4 1 1
github.com/syukur91/ischool-monitor/service/user.go:222.17,226.4 2 0
github.com/syukur91/ischool-monitor/service/user.go:230.16,232.3 1 0
github.com/syukur91/ischool-monitor/service/user.go:246.51,247.14 1 1
github.com/syukur91/ischool-monitor/service/user.go:251.2,252.16 2 1
github.com/syukur91/ischool-monitor/service/user.go:256.2,257.2 2 1
github.com/syukur91/ischool-monitor/service/user.go:270.2,271.16 2 1
github.com/syukur91/ischool-monitor/service/user.go:275.2,275.15 1 1
github.com/syukur91/ischool-monitor/service/user.go:279.2,279.12 1 1
github.com/syukur91/ischool-monitor/service/user.go:247.14,249.3 1 0
github.com/syukur91/ischool-monitor/service/user.go:252.16,254.3 1 0
github.com/syukur91/ischool-monitor/service/user.go:257.2,264.17 3 1
github.com/syukur91/ischool-monitor/service/user.go:264.17,267.4 2 0
github.com/syukur91/ischool-monitor/service/user.go:271.16,273.3 1 0
github.com/syukur91/ischool-monitor/service/user.go:275.15,277.3 1 1
github.com/syukur91/ischool-monitor/service/wali_kelas.go:22.59,24.2 1 1
github.com/syukur91/ischool-monitor/service/wali_kelas.go:27.123,28.24 1 1
github.com/syukur91/ischool-monitor/service/wali_kelas.go:32.2,32.26 1 1
github.com/syukur91/ischool-monitor/service/wali_kelas.go:36.2,36.26 1 1
github.com/syukur91/ischool-monitor/service/wali_kelas.go:40.2,41.16 2 1
github.com/syukur91/ischool-monitor/service/wali_kelas.go:45.2,48.2 3 1
github.com/syukur91/ischool-monitor/service/wali_kelas.go:73.2,74.16 2 1
github.com/syukur91/ischool-monitor/service/wali_kelas.go:78.2,84.8 1 1
github.com/syukur91/ischool-monitor/service/wali_kelas.go:28.24,30.3 1 0
github.com/syukur91/ischool-monitor/service/wali_kelas.go:32.26,34.3 1 0
github.com/syukur91/ischool-monitor/service/wali_kelas.go:36.26,38.3 1 0
github.com/syukur91/ischool-monitor/service/wali_kelas.go:41.16,43.3 1 0
github.com/syukur91/ischool-monitor/service/wali_kelas.go:48.2,55.17 2 1
github.com/syukur91/ischool-monitor/service/wali_kelas.go:59.3,62.17 3 1
github.com/syukur91/ischool-monitor/service/wali_kelas.go:55.17,58.4 2 0
github.com/syukur91/ischool-monitor/service/wali_kelas.go:62.17,65.116 2 0
github.com/syukur91/ischool-monitor/service/wali_kelas.go:69.4,69.196 1 0
github.com/syukur91/ischool-monitor/service/wali_kelas.go:65.116,67.5 1 0
github.com/syukur91/ischool-monitor/service/wali_kelas.go:74.16,76.3 1 0
github.com/syukur91/ischool-monitor/service/wali_kelas.go:88.90,89.14 1 1
github.com/syukur91/ischool-monitor/service/wali_kelas.go:93.2,94.16 2 1
github.com/syukur91/ischool-monitor/service/wali_kelas.go:98.2,99.2 2 1
github.com/syukur91/ischool-monitor/service/wali_kelas.go:117.2,118.16 2 1
github.com/syukur91/ischool-monitor/service/wali_kelas.go:122.2,122.25 1 1
github.com/syukur91/ischool-monitor/service/wali_kelas.go:89.14,91.3 1 0
github.com/syukur91/ischool-monitor/service/wali_kelas.go:94.16,96.3 1 0
github.com/syukur91/ischool-monitor/service/wali_kelas.go:99.2,106.17 2 1
github.com/syukur91/ischool-monitor/service/wali_kelas.go:106.17,109.69 2 1
github.com/syukur91/ischool-monitor/service/wali_kelas.go:113.4,113.182 1 0
github.com/syukur91/ischool-monitor/service/wali_kelas.go:109.69,111.5 1 1
github.com/syukur91/ischool-monitor/service/wali_kelas.go:118.16,120.3 1 0
github.com/syukur91/ischool-monitor/service/wali_kelas.go:126.117,129.16 2 1
github.com/syukur91/ischool-monitor/service/wali_kelas.go:133.2,135.2 3 1
github.com/syukur91/ischool-monitor/service/wali_kelas.go:153.2,154.16 2 1
github.com/syukur91/ischool-monitor/service/wali_kelas.go:158.2,158.32 1 1
github.com/syukur91/ischool-monitor/service/wali_kelas.go:129.16,131.3 1 0
github.com/syukur91/ischool-monitor/service/wali_kelas.go:135.2,139.17 4 1
github.com/syukur91/ischool-monitor/service/wali_kelas.go:144.3,147.17 4 1
github.com/syukur91/ischool-monitor/service/wali_kelas.go:139.17,142.4 2 0
github.com/syukur91/ischool-monitor/service/wali_kelas.go:147.17,150.4 2 0
github.com/syukur91/ischool-monitor/service/wali_kelas.go:154.16,156.3 1 0
github.com/syukur91/ischool-monitor/service/wali_kelas.go:162.134,163.14 1 1
github.com/syukur91/ischool-monitor/service/wali_kelas.go:167.2,168.16 2 1
github.com/syukur91/ischool-monitor/service/wali_kelas.go:173.2,174.2 2 1
github.com/syukur91/ischool-monitor/service/wali_kelas.go:193.2,194.2 2 1
github.com/syukur91/ischool-monitor/service/wali_kelas.go:220.2,221.16 2 1
github.com/syukur91/ischool-monitor/service/wali_kelas.go:225.2,232.8 1 1
github.com/syukur91/ischool-monitor/service/wali_kelas.go:163.14,165.3 1 0
github.com/syukur91/ischool-monitor/service/wali_kelas.go:168.16,170.3 1 0
github.com/syukur91/ischool-monitor/service/wali_kelas.go:174.2,181.17 2 1
github.com/syukur91/ischool-monitor/service/wali_kelas.go:181.17,184.69 2 1
github.com/syukur91/ischool-monitor/service/wali_kelas.go:188.4,188.183 1 0
github.com/syukur91/ischool-monitor/service/wali_kelas.go:184.69,186.5 1 1
github.com/syukur91/ischool-monitor/service/wali_kelas.go:194.2,196.25 1 1
github.com/syukur91/ischool-monitor/service/wali_kelas.go:200.3,200.27 1 1
github.com/syukur91/ischool-monitor/service/wali_kelas.go:204.3,204.27 1 1
github.com/syukur91/ischool-monitor/service/wali_kelas.go:208.3,213.17 2 1
github.com/syukur91/ischool-monitor/service/wali_kelas.go:196.25,198.4 1 1
github.com/syukur91/ischool-monitor/service/wali_kelas.go:200.27,202.4 1 1
github.com/syukur91/ischool-monitor/service/wali_kelas.go:204.27,206.4 1 0
github.com/syukur91/ischool-monitor/service/wali_kelas.go:213.17,217.4 2 0
github.com/syukur91/ischool-monitor/service/wali_kelas.go:221.16,223.3 1 0
github.com/syukur91/ischool-monitor/service/wali_kelas.go:236.63,237.14 1 1
github.com/syukur91/ischool-monitor/service/wali_kelas.go:241.2,242.16 2 1
github.com/syukur91/ischool-monitor/service/wali_kelas.go:246.2,247.2 2 1
github.com/syukur91/ischool-monitor/service/wali_kelas.go:260.2,261.16 2 1
github.com/syukur91/ischool-monitor/service/wali_kelas.go:265.2,265.15 1 1
github.com/syukur91/ischool-monitor/service/wali_kelas.go:269.2,269.12 1 1
github.com/syukur91/ischool-monitor/service/wali_kelas.go:237.14,239.3 1 0
github.com/syukur91/ischool-monitor/service/wali_kelas.go:242.16,244.3 1 0
github.com/syukur91/ischool-monitor/service/wali_kelas.go:247.2,254.17 3 1
github.com/syukur91/ischool-monitor/service/wali_kelas.go:254.17,257.4 2 0
github.com/syukur91/ischool-monitor/service/wali_kelas.go:261.16,263.3 1 0
github.com/syukur91/ischool-monitor/service/wali_kelas.go:265.15,267.3 1 1
